<!DOCTYPE html PUBLIC "-//W3C//DTD XHTML 1.1//EN" "https://www.w3.org/TR/xhtml11/DTD/xhtml11.dtd">
<html xmlns="https://www.w3.org/1999/xhtml">
<head>
<meta http-equiv="content-type" content="text/html; charset=UTF-8"/>
<title>TestNG Report</title>
<style type="text/css">table {margin-bottom:10px;border-collapse:collapse;empty-cells:show}th,td {border:1px solid #009;padding:.25em .5em}th {vertical-align:bottom}td {vertical-align:top}table a {font-weight:bold}.stripe td {background-color: #E6EBF9}.num {text-align:right}.passedodd td {background-color: #3F3}.passedeven td {background-color: #0A0}.skippedodd td {background-color: #DDD}.skippedeven td {background-color: #CCC}.failedodd td,.attn {background-color: #F33}.failedeven td,.stripe .attn {background-color: #D00}.stacktrace {white-space:pre;font-family:monospace}.totop {font-size:85%;text-align:center;border-bottom:2px solid #000}.invisible {display:none}</style>
</head>
<body>
<table>
<tr><th>Test</th><th># Passed</th><th># Skipped</th><th># Retried</th><th># Failed</th><th>Time (ms)</th><th>Included Groups</th><th>Excluded Groups</th></tr>
<tr><th colspan="8">Suite</th></tr>
<tr><td><a href="#t0">Test</a></td><td class="num">11</td><td class="num">0</td><td class="num">0</td><td class="num attn">2</td><td class="num">82,070</td><td></td><td></td></tr>
</table>
<table id='summary'><thead><tr><th>Class</th><th>Method</th><th>Start</th><th>Time (ms)</th></tr></thead><tbody><tr><th colspan="4">Suite</th></tr></tbody><tbody id="t0"><tr><th colspan="4">Test &#8212; failed</th></tr><tr class="failedeven"><td rowspan="2">com.opencart.qa.testcase.RegisterPageTest</td><td><a href="#m0">VerifyRegisterUser</a></td><td rowspan="2">1669665556721</td><td rowspan="2">12227</td></tr><tr class="failedeven"><td><a href="#m1">VerifyRegisterUser</a></td></tr><tr><th colspan="4">Test &#8212; passed</th></tr><tr class="passedeven"><td rowspan="5">com.opencart.qa.testcase.HomePageTest</td><td><a href="#m2">VerifyAccount_LoginRedirection</a></td><td rowspan="1">1669665546516</td><td rowspan="1">1471</td></tr><tr class="passedeven"><td><a href="#m3">VerifyAccount_RegisterRedirection</a></td><td rowspan="1">1669665551220</td><td rowspan="1">1652</td></tr><tr class="passedeven"><td><a href="#m4">VerifyCompanyLogo</a></td><td rowspan="1">1669665539497</td><td rowspan="1">36</td></tr><tr class="passedeven"><td><a href="#m5">VerifyPageTitle</a></td><td rowspan="1">1669665536368</td><td rowspan="1">11</td></tr><tr class="passedeven"><td><a href="#m6">VerifySearchFunctionality</a></td><td rowspan="1">1669665542632</td><td rowspan="1">446</td></tr><tr class="passedodd"><td rowspan="2">com.opencart.qa.testcase.LoginPageTest</td><td><a href="#m7">VerifyForgottenpasswordLinkPresent</a></td><td rowspan="1">1669665524593</td><td rowspan="1">2327</td></tr><tr class="passedodd"><td><a href="#m8">VerifyLoginUser</a></td><td rowspan="1">1669665529843</td><td rowspan="1">3526</td></tr><tr class="passedeven"><td rowspan="2">com.opencart.qa.testcase.RegisterPageTest</td><td><a href="#m9">VerifyUserAlreadyRegister</a></td><td rowspan="2">1669665587341</td><td rowspan="2">1825</td></tr><tr class="passedeven"><td><a href="#m10">VerifyUserAlreadyRegister</a></td></tr><tr class="passedodd"><td rowspan="2">com.opencart.qa.testcase.SearchPageTest</td><td><a href="#m11">VerifyInValidKeyword_search</a></td><td rowspan="1">1669665601150</td><td rowspan="1">640</td></tr><tr class="passedodd"><td><a href="#m12">VerifyValidKeyword_search</a></td><td rowspan="1">1669665597404</td><td rowspan="1">597</td></tr></tbody>
</table>
<h2>Test</h2><h3 id="m0">com.opencart.qa.testcase.RegisterPageTest#VerifyRegisterUser</h3><table class="result"><tr class="param"><th>Parameter #1</th><th>Parameter #2</th><th>Parameter #3</th><th>Parameter #4</th><th>Parameter #5</th><th>Parameter #6</th></tr><tr class="param stripe"><td>Kushal</td><td>Test1233</td><td>kushaltest11133@gmail.com</td><td>8.780921804E9</td><td>Kush@123</td><td>Kush@123</td></tr><tr><th colspan="6">Exception</th></tr><tr><td colspan="6"><div class="stacktrace">org.openqa.selenium.NoSuchElementException: no such element: Unable to locate element: {&quot;method&quot;:&quot;xpath&quot;,&quot;selector&quot;:&quot;//h1[normalize-space()=&apos;Your Account Has Been Created!&apos;]&quot;}
  (Session info: chrome=107.0.5304.107)
For documentation on this error, please visit: https://selenium.dev/exceptions/#no_such_element
Build info: version: &apos;4.6.0&apos;, revision: &apos;79f1c02ae20&apos;
System info: os.name: &apos;Windows 10&apos;, os.arch: &apos;amd64&apos;, os.version: &apos;10.0&apos;, java.version: &apos;15.0.2&apos;
Driver info: org.openqa.selenium.chrome.ChromeDriver
Command: [5d82ae417a5bdaba08218d066eceec03, findElement {using=xpath, value=//h1[normalize-space()=&apos;Your Account Has Been Created!&apos;]}]
Capabilities {acceptInsecureCerts: false, browserName: chrome, browserVersion: 107.0.5304.107, chrome: {chromedriverVersion: 107.0.5304.62 (1eec40d3a576..., userDataDir: C:\Users\KUSHAL\AppData\Loc...}, goog:chromeOptions: {debuggerAddress: localhost:49806}, networkConnectionEnabled: false, pageLoadStrategy: normal, platformName: WINDOWS, proxy: Proxy(), se:cdp: ws://localhost:49806/devtoo..., se:cdpVersion: 107.0.5304.107, setWindowRect: true, strictFileInteractability: false, timeouts: {implicit: 0, pageLoad: 300000, script: 30000}, unhandledPromptBehavior: dismiss and notify, webauthn:extension:credBlob: true, webauthn:extension:largeBlob: true, webauthn:virtualAuthenticators: true}
Session ID: 5d82ae417a5bdaba08218d066eceec03
	at org.openqa.selenium.remote.codec.w3c.W3CHttpResponseCodec.createException(W3CHttpResponseCodec.java:200)
	at org.openqa.selenium.remote.codec.w3c.W3CHttpResponseCodec.decode(W3CHttpResponseCodec.java:133)
	at org.openqa.selenium.remote.codec.w3c.W3CHttpResponseCodec.decode(W3CHttpResponseCodec.java:53)
	at org.openqa.selenium.remote.HttpCommandExecutor.execute(HttpCommandExecutor.java:184)
	at org.openqa.selenium.remote.service.DriverCommandExecutor.invokeExecute(DriverCommandExecutor.java:167)
	at org.openqa.selenium.remote.service.DriverCommandExecutor.execute(DriverCommandExecutor.java:142)
	at org.openqa.selenium.remote.RemoteWebDriver.execute(RemoteWebDriver.java:541)
	at org.openqa.selenium.remote.ElementLocation$ElementFinder$2.findElement(ElementLocation.java:162)
	at org.openqa.selenium.remote.ElementLocation.findElement(ElementLocation.java:60)
	at org.openqa.selenium.remote.RemoteWebDriver.findElement(RemoteWebDriver.java:365)
	at org.openqa.selenium.remote.RemoteWebDriver.findElement(RemoteWebDriver.java:357)
	at org.openqa.selenium.support.events.EventFiringWebDriver.lambda$new$1(EventFiringWebDriver.java:106)
	at com.sun.proxy.$Proxy16.findElement(Unknown Source)
	at org.openqa.selenium.support.events.EventFiringWebDriver.findElement(EventFiringWebDriver.java:195)
	at com.opencart.qa.testcase.RegisterPageTest.VerifyRegisterUser(RegisterPageTest.java:53)
	at java.base/java.util.ArrayList.forEach(ArrayList.java:1511)
... Removed 35 stack frames</div></td></tr></table><p class="totop"><a href="#summary">back to summary</a></p>
<h3 id="m1">com.opencart.qa.testcase.RegisterPageTest#VerifyRegisterUser</h3><table class="result"><tr class="param"><th>Parameter #1</th><th>Parameter #2</th><th>Parameter #3</th><th>Parameter #4</th><th>Parameter #5</th><th>Parameter #6</th></tr><tr class="param stripe"><td>Kushal</td><td>Test12455</td><td>kushaltest22331@gmail.com</td><td>8.700921864E9</td><td>Kush@123</td><td>Kush@123</td></tr><tr><th colspan="6">Exception</th></tr><tr><td colspan="6"><div class="stacktrace">org.openqa.selenium.NoSuchElementException: no such element: Unable to locate element: {&quot;method&quot;:&quot;xpath&quot;,&quot;selector&quot;:&quot;//h1[normalize-space()=&apos;Your Account Has Been Created!&apos;]&quot;}
  (Session info: chrome=107.0.5304.107)
For documentation on this error, please visit: https://selenium.dev/exceptions/#no_such_element
Build info: version: &apos;4.6.0&apos;, revision: &apos;79f1c02ae20&apos;
System info: os.name: &apos;Windows 10&apos;, os.arch: &apos;amd64&apos;, os.version: &apos;10.0&apos;, java.version: &apos;15.0.2&apos;
Driver info: org.openqa.selenium.chrome.ChromeDriver
Command: [5cc7a4d8121b1c8027d4039d31c506a8, findElement {using=xpath, value=//h1[normalize-space()=&apos;Your Account Has Been Created!&apos;]}]
Capabilities {acceptInsecureCerts: false, browserName: chrome, browserVersion: 107.0.5304.107, chrome: {chromedriverVersion: 107.0.5304.62 (1eec40d3a576..., userDataDir: C:\Users\KUSHAL\AppData\Loc...}, goog:chromeOptions: {debuggerAddress: localhost:49832}, networkConnectionEnabled: false, pageLoadStrategy: normal, platformName: WINDOWS, proxy: Proxy(), se:cdp: ws://localhost:49832/devtoo..., se:cdpVersion: 107.0.5304.107, setWindowRect: true, strictFileInteractability: false, timeouts: {implicit: 0, pageLoad: 300000, script: 30000}, unhandledPromptBehavior: dismiss and notify, webauthn:extension:credBlob: true, webauthn:extension:largeBlob: true, webauthn:virtualAuthenticators: true}
Session ID: 5cc7a4d8121b1c8027d4039d31c506a8
	at org.openqa.selenium.remote.codec.w3c.W3CHttpResponseCodec.createException(W3CHttpResponseCodec.java:200)
	at org.openqa.selenium.remote.codec.w3c.W3CHttpResponseCodec.decode(W3CHttpResponseCodec.java:133)
	at org.openqa.selenium.remote.codec.w3c.W3CHttpResponseCodec.decode(W3CHttpResponseCodec.java:53)
	at org.openqa.selenium.remote.HttpCommandExecutor.execute(HttpCommandExecutor.java:184)
	at org.openqa.selenium.remote.service.DriverCommandExecutor.invokeExecute(DriverCommandExecutor.java:167)
	at org.openqa.selenium.remote.service.DriverCommandExecutor.execute(DriverCommandExecutor.java:142)
	at org.openqa.selenium.remote.RemoteWebDriver.execute(RemoteWebDriver.java:541)
	at org.openqa.selenium.remote.ElementLocation$ElementFinder$2.findElement(ElementLocation.java:162)
	at org.openqa.selenium.remote.ElementLocation.findElement(ElementLocation.java:60)
	at org.openqa.selenium.remote.RemoteWebDriver.findElement(RemoteWebDriver.java:365)
	at org.openqa.selenium.remote.RemoteWebDriver.findElement(RemoteWebDriver.java:357)
	at org.openqa.selenium.support.events.EventFiringWebDriver.lambda$new$1(EventFiringWebDriver.java:106)
	at com.sun.proxy.$Proxy16.findElement(Unknown Source)
	at org.openqa.selenium.support.events.EventFiringWebDriver.findElement(EventFiringWebDriver.java:195)
	at com.opencart.qa.testcase.RegisterPageTest.VerifyRegisterUser(RegisterPageTest.java:53)
	at java.base/java.util.ArrayList.forEach(ArrayList.java:1511)
... Removed 35 stack frames</div></td></tr></table><p class="totop"><a href="#summary">back to summary</a></p>
<h3 id="m2">com.opencart.qa.testcase.HomePageTest#VerifyAccount_LoginRedirection</h3><table class="result"><tr><th class="invisible"/></tr></table><p class="totop"><a href="#summary">back to summary</a></p>
<h3 id="m3">com.opencart.qa.testcase.HomePageTest#VerifyAccount_RegisterRedirection</h3><table class="result"><tr><th class="invisible"/></tr></table><p class="totop"><a href="#summary">back to summary</a></p>
<h3 id="m4">com.opencart.qa.testcase.HomePageTest#VerifyCompanyLogo</h3><table class="result"><tr><th class="invisible"/></tr></table><p class="totop"><a href="#summary">back to summary</a></p>
<h3 id="m5">com.opencart.qa.testcase.HomePageTest#VerifyPageTitle</h3><table class="result"><tr><th class="invisible"/></tr></table><p class="totop"><a href="#summary">back to summary</a></p>
<h3 id="m6">com.opencart.qa.testcase.HomePageTest#VerifySearchFunctionality</h3><table class="result"><tr><th class="invisible"/></tr></table><p class="totop"><a href="#summary">back to summary</a></p>
<h3 id="m7">com.opencart.qa.testcase.LoginPageTest#VerifyForgottenpasswordLinkPresent</h3><table class="result"><tr><th class="invisible"/></tr></table><p class="totop"><a href="#summary">back to summary</a></p>
<h3 id="m8">com.opencart.qa.testcase.LoginPageTest#VerifyLoginUser</h3><table class="result"><tr><th class="invisible"/></tr></table><p class="totop"><a href="#summary">back to summary</a></p>
<h3 id="m9">com.opencart.qa.testcase.RegisterPageTest#VerifyUserAlreadyRegister</h3><table class="result"><tr class="param"><th>Parameter #1</th><th>Parameter #2</th><th>Parameter #3</th><th>Parameter #4</th><th>Parameter #5</th><th>Parameter #6</th></tr><tr class="param stripe"><td>Kushal</td><td>Test1233</td><td>kushaltest11133@gmail.com</td><td>8.780921804E9</td><td>Kush@123</td><td>Kush@123</td></tr></table><p class="totop"><a href="#summary">back to summary</a></p>
<h3 id="m10">com.opencart.qa.testcase.RegisterPageTest#VerifyUserAlreadyRegister</h3><table class="result"><tr class="param"><th>Parameter #1</th><th>Parameter #2</th><th>Parameter #3</th><th>Parameter #4</th><th>Parameter #5</th><th>Parameter #6</th></tr><tr class="param stripe"><td>Kushal</td><td>Test12455</td><td>kushaltest22331@gmail.com</td><td>8.700921864E9</td><td>Kush@123</td><td>Kush@123</td></tr></table><p class="totop"><a href="#summary">back to summary</a></p>
<h3 id="m11">com.opencart.qa.testcase.SearchPageTest#VerifyInValidKeyword_search</h3><table class="result"><tr><th class="invisible"/></tr></table><p class="totop"><a href="#summary">back to summary</a></p>
<h3 id="m12">com.opencart.qa.testcase.SearchPageTest#VerifyValidKeyword_search</h3><table class="result"><tr><th class="invisible"/></tr></table><p class="totop"><a href="#summary">back to summary</a></p>
</body>
</html>
