<?xml version="1.0" encoding="UTF-8"?>
<testng-results ignored="0" total="13" passed="11" failed="2" skipped="0">
  <reporter-output>
  </reporter-output>
  <suite started-at="2022-11-29T01:28:40 IST" name="Suite" finished-at="2022-11-29T01:30:02 IST" duration-ms="82070">
    <groups>
    </groups>
    <test started-at="2022-11-29T01:28:40 IST" name="Test" finished-at="2022-11-29T01:30:02 IST" duration-ms="82070">
      <class name="com.opencart.qa.testcase.HomePageTest">
        <test-method is-config="true" signature="setup()[pri:0, instance:com.opencart.qa.testcase.HomePageTest@4b45a2f5]" started-at="2022-11-29T01:28:54 IST" name="setup" finished-at="2022-11-29T01:28:56 IST" duration-ms="2356" status="PASS">
          <reporter-output>
          </reporter-output>
        </test-method> <!-- setup -->
        <test-method signature="VerifyPageTitle()[pri:1, instance:com.opencart.qa.testcase.HomePageTest@4b45a2f5]" started-at="2022-11-29T01:28:56 IST" name="VerifyPageTitle" finished-at="2022-11-29T01:28:56 IST" duration-ms="11" status="PASS">
          <reporter-output>
          </reporter-output>
        </test-method> <!-- VerifyPageTitle -->
        <test-method is-config="true" signature="tearDown(org.testng.ITestResult)[pri:0, instance:com.opencart.qa.testcase.HomePageTest@4b45a2f5]" started-at="2022-11-29T01:28:56 IST" name="tearDown" finished-at="2022-11-29T01:28:57 IST" duration-ms="683" status="PASS">
          <params>
            <param index="0">
              <value>
                <![CDATA[[TestResult name=VerifyPageTitle status=SUCCESS method=HomePageTest.VerifyPageTitle()[pri:1, instance:com.opencart.qa.testcase.HomePageTest@4b45a2f5] output={null}]]]>
              </value>
            </param>
          </params>
          <reporter-output>
          </reporter-output>
        </test-method> <!-- tearDown -->
        <test-method is-config="true" signature="setup()[pri:0, instance:com.opencart.qa.testcase.HomePageTest@4b45a2f5]" started-at="2022-11-29T01:28:57 IST" name="setup" finished-at="2022-11-29T01:28:59 IST" duration-ms="2432" status="PASS">
          <reporter-output>
          </reporter-output>
        </test-method> <!-- setup -->
        <test-method signature="VerifyCompanyLogo()[pri:2, instance:com.opencart.qa.testcase.HomePageTest@4b45a2f5]" started-at="2022-11-29T01:28:59 IST" name="VerifyCompanyLogo" finished-at="2022-11-29T01:28:59 IST" duration-ms="36" status="PASS">
          <reporter-output>
          </reporter-output>
        </test-method> <!-- VerifyCompanyLogo -->
        <test-method is-config="true" signature="tearDown(org.testng.ITestResult)[pri:0, instance:com.opencart.qa.testcase.HomePageTest@4b45a2f5]" started-at="2022-11-29T01:28:59 IST" name="tearDown" finished-at="2022-11-29T01:29:00 IST" duration-ms="671" status="PASS">
          <params>
            <param index="0">
              <value>
                <![CDATA[[TestResult name=VerifyCompanyLogo status=SUCCESS method=HomePageTest.VerifyCompanyLogo()[pri:2, instance:com.opencart.qa.testcase.HomePageTest@4b45a2f5] output={null}]]]>
              </value>
            </param>
          </params>
          <reporter-output>
          </reporter-output>
        </test-method> <!-- tearDown -->
        <test-method is-config="true" signature="setup()[pri:0, instance:com.opencart.qa.testcase.HomePageTest@4b45a2f5]" started-at="2022-11-29T01:29:00 IST" name="setup" finished-at="2022-11-29T01:29:02 IST" duration-ms="2425" status="PASS">
          <reporter-output>
          </reporter-output>
        </test-method> <!-- setup -->
        <test-method signature="VerifySearchFunctionality()[pri:3, instance:com.opencart.qa.testcase.HomePageTest@4b45a2f5]" started-at="2022-11-29T01:29:02 IST" name="VerifySearchFunctionality" finished-at="2022-11-29T01:29:03 IST" depends-on-methods="com.opencart.qa.testcase.HomePageTest.VerifyPageTitle" duration-ms="446" status="PASS">
          <reporter-output>
          </reporter-output>
        </test-method> <!-- VerifySearchFunctionality -->
        <test-method is-config="true" signature="tearDown(org.testng.ITestResult)[pri:0, instance:com.opencart.qa.testcase.HomePageTest@4b45a2f5]" started-at="2022-11-29T01:29:03 IST" name="tearDown" finished-at="2022-11-29T01:29:03 IST" duration-ms="665" status="PASS">
          <params>
            <param index="0">
              <value>
                <![CDATA[[TestResult name=VerifySearchFunctionality status=SUCCESS method=HomePageTest.VerifySearchFunctionality()[pri:3, instance:com.opencart.qa.testcase.HomePageTest@4b45a2f5] output={null}]]]>
              </value>
            </param>
          </params>
          <reporter-output>
          </reporter-output>
        </test-method> <!-- tearDown -->
        <test-method is-config="true" signature="setup()[pri:0, instance:com.opencart.qa.testcase.HomePageTest@4b45a2f5]" started-at="2022-11-29T01:29:03 IST" name="setup" finished-at="2022-11-29T01:29:06 IST" duration-ms="2772" status="PASS">
          <reporter-output>
          </reporter-output>
        </test-method> <!-- setup -->
        <test-method signature="VerifyAccount_LoginRedirection()[pri:4, instance:com.opencart.qa.testcase.HomePageTest@4b45a2f5]" started-at="2022-11-29T01:29:06 IST" name="VerifyAccount_LoginRedirection" finished-at="2022-11-29T01:29:07 IST" duration-ms="1471" status="PASS">
          <reporter-output>
          </reporter-output>
        </test-method> <!-- VerifyAccount_LoginRedirection -->
        <test-method is-config="true" signature="tearDown(org.testng.ITestResult)[pri:0, instance:com.opencart.qa.testcase.HomePageTest@4b45a2f5]" started-at="2022-11-29T01:29:07 IST" name="tearDown" finished-at="2022-11-29T01:29:08 IST" duration-ms="687" status="PASS">
          <params>
            <param index="0">
              <value>
                <![CDATA[[TestResult name=VerifyAccount_LoginRedirection status=SUCCESS method=HomePageTest.VerifyAccount_LoginRedirection()[pri:4, instance:com.opencart.qa.testcase.HomePageTest@4b45a2f5] output={null}]]]>
              </value>
            </param>
          </params>
          <reporter-output>
          </reporter-output>
        </test-method> <!-- tearDown -->
        <test-method is-config="true" signature="setup()[pri:0, instance:com.opencart.qa.testcase.HomePageTest@4b45a2f5]" started-at="2022-11-29T01:29:08 IST" name="setup" finished-at="2022-11-29T01:29:11 IST" duration-ms="2545" status="PASS">
          <reporter-output>
          </reporter-output>
        </test-method> <!-- setup -->
        <test-method signature="VerifyAccount_RegisterRedirection()[pri:5, instance:com.opencart.qa.testcase.HomePageTest@4b45a2f5]" started-at="2022-11-29T01:29:11 IST" name="VerifyAccount_RegisterRedirection" finished-at="2022-11-29T01:29:12 IST" duration-ms="1652" status="PASS">
          <reporter-output>
          </reporter-output>
        </test-method> <!-- VerifyAccount_RegisterRedirection -->
        <test-method is-config="true" signature="tearDown(org.testng.ITestResult)[pri:0, instance:com.opencart.qa.testcase.HomePageTest@4b45a2f5]" started-at="2022-11-29T01:29:12 IST" name="tearDown" finished-at="2022-11-29T01:29:13 IST" duration-ms="619" status="PASS">
          <params>
            <param index="0">
              <value>
                <![CDATA[[TestResult name=VerifyAccount_RegisterRedirection status=SUCCESS method=HomePageTest.VerifyAccount_RegisterRedirection()[pri:5, instance:com.opencart.qa.testcase.HomePageTest@4b45a2f5] output={null}]]]>
              </value>
            </param>
          </params>
          <reporter-output>
          </reporter-output>
        </test-method> <!-- tearDown -->
      </class> <!-- com.opencart.qa.testcase.HomePageTest -->
      <class name="com.opencart.qa.testcase.LoginPageTest">
        <test-method is-config="true" signature="setup()[pri:0, instance:com.opencart.qa.testcase.LoginPageTest@82de64a]" started-at="2022-11-29T01:28:40 IST" name="setup" finished-at="2022-11-29T01:28:44 IST" duration-ms="4099" status="PASS">
          <reporter-output>
          </reporter-output>
        </test-method> <!-- setup -->
        <test-method signature="VerifyForgottenpasswordLinkPresent()[pri:1, instance:com.opencart.qa.testcase.LoginPageTest@82de64a]" started-at="2022-11-29T01:28:44 IST" name="VerifyForgottenpasswordLinkPresent" finished-at="2022-11-29T01:28:46 IST" duration-ms="2327" status="PASS">
          <reporter-output>
          </reporter-output>
        </test-method> <!-- VerifyForgottenpasswordLinkPresent -->
        <test-method is-config="true" signature="teardown()[pri:0, instance:com.opencart.qa.testcase.LoginPageTest@82de64a]" started-at="2022-11-29T01:28:46 IST" name="teardown" finished-at="2022-11-29T01:28:47 IST" duration-ms="622" status="PASS">
          <reporter-output>
          </reporter-output>
        </test-method> <!-- teardown -->
        <test-method is-config="true" signature="setup()[pri:0, instance:com.opencart.qa.testcase.LoginPageTest@82de64a]" started-at="2022-11-29T01:28:47 IST" name="setup" finished-at="2022-11-29T01:28:49 IST" duration-ms="2298" status="PASS">
          <reporter-output>
          </reporter-output>
        </test-method> <!-- setup -->
        <test-method signature="VerifyLoginUser()[pri:2, instance:com.opencart.qa.testcase.LoginPageTest@82de64a]" started-at="2022-11-29T01:28:49 IST" name="VerifyLoginUser" finished-at="2022-11-29T01:28:53 IST" duration-ms="3526" status="PASS">
          <reporter-output>
          </reporter-output>
        </test-method> <!-- VerifyLoginUser -->
        <test-method is-config="true" signature="teardown()[pri:0, instance:com.opencart.qa.testcase.LoginPageTest@82de64a]" started-at="2022-11-29T01:28:53 IST" name="teardown" finished-at="2022-11-29T01:28:54 IST" duration-ms="641" status="PASS">
          <reporter-output>
          </reporter-output>
        </test-method> <!-- teardown -->
      </class> <!-- com.opencart.qa.testcase.LoginPageTest -->
      <class name="com.opencart.qa.testcase.RegisterPageTest">
        <test-method is-config="true" signature="setup()[pri:0, instance:com.opencart.qa.testcase.RegisterPageTest@41a0aa7d]" started-at="2022-11-29T01:29:14 IST" name="setup" finished-at="2022-11-29T01:29:16 IST" duration-ms="2721" status="PASS">
          <reporter-output>
          </reporter-output>
        </test-method> <!-- setup -->
        <test-method signature="VerifyRegisterUser(java.lang.String,java.lang.String,java.lang.String,java.lang.String,java.lang.String,java.lang.String)[pri:1, instance:com.opencart.qa.testcase.RegisterPageTest@41a0aa7d]" started-at="2022-11-29T01:29:16 IST" name="VerifyRegisterUser" data-provider="getRegisterUserdata" finished-at="2022-11-29T01:29:28 IST" duration-ms="12227" status="FAIL">
          <params>
            <param index="0">
              <value>
                <![CDATA[Kushal]]>
              </value>
            </param>
            <param index="1">
              <value>
                <![CDATA[Test1233]]>
              </value>
            </param>
            <param index="2">
              <value>
                <![CDATA[kushaltest11133@gmail.com]]>
              </value>
            </param>
            <param index="3">
              <value>
                <![CDATA[8.780921804E9]]>
              </value>
            </param>
            <param index="4">
              <value>
                <![CDATA[Kush@123]]>
              </value>
            </param>
            <param index="5">
              <value>
                <![CDATA[Kush@123]]>
              </value>
            </param>
          </params>
          <exception class="org.openqa.selenium.NoSuchElementException">
            <message>
              <![CDATA[no such element: Unable to locate element: {"method":"xpath","selector":"//h1[normalize-space()='Your Account Has Been Created!']"}
  (Session info: chrome=107.0.5304.107)
For documentation on this error, please visit: https://selenium.dev/exceptions/#no_such_element
Build info: version: '4.6.0', revision: '79f1c02ae20'
System info: os.name: 'Windows 10', os.arch: 'amd64', os.version: '10.0', java.version: '15.0.2'
Driver info: org.openqa.selenium.chrome.ChromeDriver
Command: [5d82ae417a5bdaba08218d066eceec03, findElement {using=xpath, value=//h1[normalize-space()='Your Account Has Been Created!']}]
Capabilities {acceptInsecureCerts: false, browserName: chrome, browserVersion: 107.0.5304.107, chrome: {chromedriverVersion: 107.0.5304.62 (1eec40d3a576..., userDataDir: C:\Users\KUSHAL\AppData\Loc...}, goog:chromeOptions: {debuggerAddress: localhost:49806}, networkConnectionEnabled: false, pageLoadStrategy: normal, platformName: WINDOWS, proxy: Proxy(), se:cdp: ws://localhost:49806/devtoo..., se:cdpVersion: 107.0.5304.107, setWindowRect: true, strictFileInteractability: false, timeouts: {implicit: 0, pageLoad: 300000, script: 30000}, unhandledPromptBehavior: dismiss and notify, webauthn:extension:credBlob: true, webauthn:extension:largeBlob: true, webauthn:virtualAuthenticators: true}
Session ID: 5d82ae417a5bdaba08218d066eceec03]]>
            </message>
            <full-stacktrace>
              <![CDATA[org.openqa.selenium.NoSuchElementException: no such element: Unable to locate element: {"method":"xpath","selector":"//h1[normalize-space()='Your Account Has Been Created!']"}
  (Session info: chrome=107.0.5304.107)
For documentation on this error, please visit: https://selenium.dev/exceptions/#no_such_element
Build info: version: '4.6.0', revision: '79f1c02ae20'
System info: os.name: 'Windows 10', os.arch: 'amd64', os.version: '10.0', java.version: '15.0.2'
Driver info: org.openqa.selenium.chrome.ChromeDriver
Command: [5d82ae417a5bdaba08218d066eceec03, findElement {using=xpath, value=//h1[normalize-space()='Your Account Has Been Created!']}]
Capabilities {acceptInsecureCerts: false, browserName: chrome, browserVersion: 107.0.5304.107, chrome: {chromedriverVersion: 107.0.5304.62 (1eec40d3a576..., userDataDir: C:\Users\KUSHAL\AppData\Loc...}, goog:chromeOptions: {debuggerAddress: localhost:49806}, networkConnectionEnabled: false, pageLoadStrategy: normal, platformName: WINDOWS, proxy: Proxy(), se:cdp: ws://localhost:49806/devtoo..., se:cdpVersion: 107.0.5304.107, setWindowRect: true, strictFileInteractability: false, timeouts: {implicit: 0, pageLoad: 300000, script: 30000}, unhandledPromptBehavior: dismiss and notify, webauthn:extension:credBlob: true, webauthn:extension:largeBlob: true, webauthn:virtualAuthenticators: true}
Session ID: 5d82ae417a5bdaba08218d066eceec03
at java.base/jdk.internal.reflect.NativeConstructorAccessorImpl.newInstance0(Native Method)
at java.base/jdk.internal.reflect.NativeConstructorAccessorImpl.newInstance(NativeConstructorAccessorImpl.java:64)
at java.base/jdk.internal.reflect.DelegatingConstructorAccessorImpl.newInstance(DelegatingConstructorAccessorImpl.java:45)
at java.base/java.lang.reflect.Constructor.newInstanceWithCaller(Constructor.java:500)
at java.base/java.lang.reflect.Constructor.newInstance(Constructor.java:481)
at org.openqa.selenium.remote.codec.w3c.W3CHttpResponseCodec.createException(W3CHttpResponseCodec.java:200)
at org.openqa.selenium.remote.codec.w3c.W3CHttpResponseCodec.decode(W3CHttpResponseCodec.java:133)
at org.openqa.selenium.remote.codec.w3c.W3CHttpResponseCodec.decode(W3CHttpResponseCodec.java:53)
at org.openqa.selenium.remote.HttpCommandExecutor.execute(HttpCommandExecutor.java:184)
at org.openqa.selenium.remote.service.DriverCommandExecutor.invokeExecute(DriverCommandExecutor.java:167)
at org.openqa.selenium.remote.service.DriverCommandExecutor.execute(DriverCommandExecutor.java:142)
at org.openqa.selenium.remote.RemoteWebDriver.execute(RemoteWebDriver.java:541)
at org.openqa.selenium.remote.ElementLocation$ElementFinder$2.findElement(ElementLocation.java:162)
at org.openqa.selenium.remote.ElementLocation.findElement(ElementLocation.java:60)
at org.openqa.selenium.remote.RemoteWebDriver.findElement(RemoteWebDriver.java:365)
at org.openqa.selenium.remote.RemoteWebDriver.findElement(RemoteWebDriver.java:357)
at jdk.internal.reflect.GeneratedMethodAccessor5.invoke(Unknown Source)
at java.base/jdk.internal.reflect.DelegatingMethodAccessorImpl.invoke(DelegatingMethodAccessorImpl.java:43)
at java.base/java.lang.reflect.Method.invoke(Method.java:564)
at org.openqa.selenium.support.events.EventFiringWebDriver.lambda$new$1(EventFiringWebDriver.java:106)
at com.sun.proxy.$Proxy16.findElement(Unknown Source)
at org.openqa.selenium.support.events.EventFiringWebDriver.findElement(EventFiringWebDriver.java:195)
at com.opencart.qa.testcase.RegisterPageTest.VerifyRegisterUser(RegisterPageTest.java:53)
at java.base/jdk.internal.reflect.NativeMethodAccessorImpl.invoke0(Native Method)
at java.base/jdk.internal.reflect.NativeMethodAccessorImpl.invoke(NativeMethodAccessorImpl.java:64)
at java.base/jdk.internal.reflect.DelegatingMethodAccessorImpl.invoke(DelegatingMethodAccessorImpl.java:43)
at java.base/java.lang.reflect.Method.invoke(Method.java:564)
at org.testng.internal.MethodInvocationHelper.invokeMethod(MethodInvocationHelper.java:133)
at org.testng.internal.TestInvoker.invokeMethod(TestInvoker.java:598)
at org.testng.internal.TestInvoker.invokeTestMethod(TestInvoker.java:173)
at org.testng.internal.MethodRunner.runInSequence(MethodRunner.java:46)
at org.testng.internal.TestInvoker$MethodInvocationAgent.invoke(TestInvoker.java:824)
at org.testng.internal.TestInvoker.invokeTestMethods(TestInvoker.java:146)
at org.testng.internal.TestMethodWorker.invokeTestMethods(TestMethodWorker.java:146)
at org.testng.internal.TestMethodWorker.run(TestMethodWorker.java:128)
at java.base/java.util.ArrayList.forEach(ArrayList.java:1511)
at org.testng.TestRunner.privateRun(TestRunner.java:794)
at org.testng.TestRunner.run(TestRunner.java:596)
at org.testng.SuiteRunner.runTest(SuiteRunner.java:377)
at org.testng.SuiteRunner.runSequentially(SuiteRunner.java:371)
at org.testng.SuiteRunner.privateRun(SuiteRunner.java:332)
at org.testng.SuiteRunner.run(SuiteRunner.java:276)
at org.testng.SuiteRunnerWorker.runSuite(SuiteRunnerWorker.java:53)
at org.testng.SuiteRunnerWorker.run(SuiteRunnerWorker.java:96)
at org.testng.TestNG.runSuitesSequentially(TestNG.java:1212)
at org.testng.TestNG.runSuitesLocally(TestNG.java:1134)
at org.testng.TestNG.runSuites(TestNG.java:1063)
at org.testng.TestNG.run(TestNG.java:1031)
at org.testng.remote.AbstractRemoteTestNG.run(AbstractRemoteTestNG.java:115)
at org.testng.remote.RemoteTestNG.initAndRun(RemoteTestNG.java:251)
at org.testng.remote.RemoteTestNG.main(RemoteTestNG.java:77)
]]>
            </full-stacktrace>
          </exception> <!-- org.openqa.selenium.NoSuchElementException -->
          <reporter-output>
          </reporter-output>
        </test-method> <!-- VerifyRegisterUser -->
        <test-method is-config="true" signature="teardown()[pri:0, instance:com.opencart.qa.testcase.RegisterPageTest@41a0aa7d]" started-at="2022-11-29T01:29:28 IST" name="teardown" finished-at="2022-11-29T01:29:29 IST" duration-ms="750" status="PASS">
          <reporter-output>
          </reporter-output>
        </test-method> <!-- teardown -->
        <test-method is-config="true" signature="setup()[pri:0, instance:com.opencart.qa.testcase.RegisterPageTest@41a0aa7d]" started-at="2022-11-29T01:29:29 IST" name="setup" finished-at="2022-11-29T01:29:32 IST" duration-ms="2378" status="PASS">
          <reporter-output>
          </reporter-output>
        </test-method> <!-- setup -->
        <test-method signature="VerifyRegisterUser(java.lang.String,java.lang.String,java.lang.String,java.lang.String,java.lang.String,java.lang.String)[pri:1, instance:com.opencart.qa.testcase.RegisterPageTest@41a0aa7d]" started-at="2022-11-29T01:29:32 IST" name="VerifyRegisterUser" data-provider="getRegisterUserdata" finished-at="2022-11-29T01:29:44 IST" duration-ms="12280" status="FAIL">
          <params>
            <param index="0">
              <value>
                <![CDATA[Kushal]]>
              </value>
            </param>
            <param index="1">
              <value>
                <![CDATA[Test12455]]>
              </value>
            </param>
            <param index="2">
              <value>
                <![CDATA[kushaltest22331@gmail.com]]>
              </value>
            </param>
            <param index="3">
              <value>
                <![CDATA[8.700921864E9]]>
              </value>
            </param>
            <param index="4">
              <value>
                <![CDATA[Kush@123]]>
              </value>
            </param>
            <param index="5">
              <value>
                <![CDATA[Kush@123]]>
              </value>
            </param>
          </params>
          <exception class="org.openqa.selenium.NoSuchElementException">
            <message>
              <![CDATA[no such element: Unable to locate element: {"method":"xpath","selector":"//h1[normalize-space()='Your Account Has Been Created!']"}
  (Session info: chrome=107.0.5304.107)
For documentation on this error, please visit: https://selenium.dev/exceptions/#no_such_element
Build info: version: '4.6.0', revision: '79f1c02ae20'
System info: os.name: 'Windows 10', os.arch: 'amd64', os.version: '10.0', java.version: '15.0.2'
Driver info: org.openqa.selenium.chrome.ChromeDriver
Command: [5cc7a4d8121b1c8027d4039d31c506a8, findElement {using=xpath, value=//h1[normalize-space()='Your Account Has Been Created!']}]
Capabilities {acceptInsecureCerts: false, browserName: chrome, browserVersion: 107.0.5304.107, chrome: {chromedriverVersion: 107.0.5304.62 (1eec40d3a576..., userDataDir: C:\Users\KUSHAL\AppData\Loc...}, goog:chromeOptions: {debuggerAddress: localhost:49832}, networkConnectionEnabled: false, pageLoadStrategy: normal, platformName: WINDOWS, proxy: Proxy(), se:cdp: ws://localhost:49832/devtoo..., se:cdpVersion: 107.0.5304.107, setWindowRect: true, strictFileInteractability: false, timeouts: {implicit: 0, pageLoad: 300000, script: 30000}, unhandledPromptBehavior: dismiss and notify, webauthn:extension:credBlob: true, webauthn:extension:largeBlob: true, webauthn:virtualAuthenticators: true}
Session ID: 5cc7a4d8121b1c8027d4039d31c506a8]]>
            </message>
            <full-stacktrace>
              <![CDATA[org.openqa.selenium.NoSuchElementException: no such element: Unable to locate element: {"method":"xpath","selector":"//h1[normalize-space()='Your Account Has Been Created!']"}
  (Session info: chrome=107.0.5304.107)
For documentation on this error, please visit: https://selenium.dev/exceptions/#no_such_element
Build info: version: '4.6.0', revision: '79f1c02ae20'
System info: os.name: 'Windows 10', os.arch: 'amd64', os.version: '10.0', java.version: '15.0.2'
Driver info: org.openqa.selenium.chrome.ChromeDriver
Command: [5cc7a4d8121b1c8027d4039d31c506a8, findElement {using=xpath, value=//h1[normalize-space()='Your Account Has Been Created!']}]
Capabilities {acceptInsecureCerts: false, browserName: chrome, browserVersion: 107.0.5304.107, chrome: {chromedriverVersion: 107.0.5304.62 (1eec40d3a576..., userDataDir: C:\Users\KUSHAL\AppData\Loc...}, goog:chromeOptions: {debuggerAddress: localhost:49832}, networkConnectionEnabled: false, pageLoadStrategy: normal, platformName: WINDOWS, proxy: Proxy(), se:cdp: ws://localhost:49832/devtoo..., se:cdpVersion: 107.0.5304.107, setWindowRect: true, strictFileInteractability: false, timeouts: {implicit: 0, pageLoad: 300000, script: 30000}, unhandledPromptBehavior: dismiss and notify, webauthn:extension:credBlob: true, webauthn:extension:largeBlob: true, webauthn:virtualAuthenticators: true}
Session ID: 5cc7a4d8121b1c8027d4039d31c506a8
at java.base/jdk.internal.reflect.NativeConstructorAccessorImpl.newInstance0(Native Method)
at java.base/jdk.internal.reflect.NativeConstructorAccessorImpl.newInstance(NativeConstructorAccessorImpl.java:64)
at java.base/jdk.internal.reflect.DelegatingConstructorAccessorImpl.newInstance(DelegatingConstructorAccessorImpl.java:45)
at java.base/java.lang.reflect.Constructor.newInstanceWithCaller(Constructor.java:500)
at java.base/java.lang.reflect.Constructor.newInstance(Constructor.java:481)
at org.openqa.selenium.remote.codec.w3c.W3CHttpResponseCodec.createException(W3CHttpResponseCodec.java:200)
at org.openqa.selenium.remote.codec.w3c.W3CHttpResponseCodec.decode(W3CHttpResponseCodec.java:133)
at org.openqa.selenium.remote.codec.w3c.W3CHttpResponseCodec.decode(W3CHttpResponseCodec.java:53)
at org.openqa.selenium.remote.HttpCommandExecutor.execute(HttpCommandExecutor.java:184)
at org.openqa.selenium.remote.service.DriverCommandExecutor.invokeExecute(DriverCommandExecutor.java:167)
at org.openqa.selenium.remote.service.DriverCommandExecutor.execute(DriverCommandExecutor.java:142)
at org.openqa.selenium.remote.RemoteWebDriver.execute(RemoteWebDriver.java:541)
at org.openqa.selenium.remote.ElementLocation$ElementFinder$2.findElement(ElementLocation.java:162)
at org.openqa.selenium.remote.ElementLocation.findElement(ElementLocation.java:60)
at org.openqa.selenium.remote.RemoteWebDriver.findElement(RemoteWebDriver.java:365)
at org.openqa.selenium.remote.RemoteWebDriver.findElement(RemoteWebDriver.java:357)
at jdk.internal.reflect.GeneratedMethodAccessor5.invoke(Unknown Source)
at java.base/jdk.internal.reflect.DelegatingMethodAccessorImpl.invoke(DelegatingMethodAccessorImpl.java:43)
at java.base/java.lang.reflect.Method.invoke(Method.java:564)
at org.openqa.selenium.support.events.EventFiringWebDriver.lambda$new$1(EventFiringWebDriver.java:106)
at com.sun.proxy.$Proxy16.findElement(Unknown Source)
at org.openqa.selenium.support.events.EventFiringWebDriver.findElement(EventFiringWebDriver.java:195)
at com.opencart.qa.testcase.RegisterPageTest.VerifyRegisterUser(RegisterPageTest.java:53)
at java.base/jdk.internal.reflect.NativeMethodAccessorImpl.invoke0(Native Method)
at java.base/jdk.internal.reflect.NativeMethodAccessorImpl.invoke(NativeMethodAccessorImpl.java:64)
at java.base/jdk.internal.reflect.DelegatingMethodAccessorImpl.invoke(DelegatingMethodAccessorImpl.java:43)
at java.base/java.lang.reflect.Method.invoke(Method.java:564)
at org.testng.internal.MethodInvocationHelper.invokeMethod(MethodInvocationHelper.java:133)
at org.testng.internal.TestInvoker.invokeMethod(TestInvoker.java:598)
at org.testng.internal.TestInvoker.invokeTestMethod(TestInvoker.java:173)
at org.testng.internal.MethodRunner.runInSequence(MethodRunner.java:46)
at org.testng.internal.TestInvoker$MethodInvocationAgent.invoke(TestInvoker.java:824)
at org.testng.internal.TestInvoker.invokeTestMethods(TestInvoker.java:146)
at org.testng.internal.TestMethodWorker.invokeTestMethods(TestMethodWorker.java:146)
at org.testng.internal.TestMethodWorker.run(TestMethodWorker.java:128)
at java.base/java.util.ArrayList.forEach(ArrayList.java:1511)
at org.testng.TestRunner.privateRun(TestRunner.java:794)
at org.testng.TestRunner.run(TestRunner.java:596)
at org.testng.SuiteRunner.runTest(SuiteRunner.java:377)
at org.testng.SuiteRunner.runSequentially(SuiteRunner.java:371)
at org.testng.SuiteRunner.privateRun(SuiteRunner.java:332)
at org.testng.SuiteRunner.run(SuiteRunner.java:276)
at org.testng.SuiteRunnerWorker.runSuite(SuiteRunnerWorker.java:53)
at org.testng.SuiteRunnerWorker.run(SuiteRunnerWorker.java:96)
at org.testng.TestNG.runSuitesSequentially(TestNG.java:1212)
at org.testng.TestNG.runSuitesLocally(TestNG.java:1134)
at org.testng.TestNG.runSuites(TestNG.java:1063)
at org.testng.TestNG.run(TestNG.java:1031)
at org.testng.remote.AbstractRemoteTestNG.run(AbstractRemoteTestNG.java:115)
at org.testng.remote.RemoteTestNG.initAndRun(RemoteTestNG.java:251)
at org.testng.remote.RemoteTestNG.main(RemoteTestNG.java:77)
]]>
            </full-stacktrace>
          </exception> <!-- org.openqa.selenium.NoSuchElementException -->
          <reporter-output>
          </reporter-output>
        </test-method> <!-- VerifyRegisterUser -->
        <test-method is-config="true" signature="teardown()[pri:0, instance:com.opencart.qa.testcase.RegisterPageTest@41a0aa7d]" started-at="2022-11-29T01:29:44 IST" name="teardown" finished-at="2022-11-29T01:29:44 IST" duration-ms="626" status="PASS">
          <reporter-output>
          </reporter-output>
        </test-method> <!-- teardown -->
        <test-method is-config="true" signature="setup()[pri:0, instance:com.opencart.qa.testcase.RegisterPageTest@41a0aa7d]" started-at="2022-11-29T01:29:45 IST" name="setup" finished-at="2022-11-29T01:29:47 IST" duration-ms="2331" status="PASS">
          <reporter-output>
          </reporter-output>
        </test-method> <!-- setup -->
        <test-method signature="VerifyUserAlreadyRegister(java.lang.String,java.lang.String,java.lang.String,java.lang.String,java.lang.String,java.lang.String)[pri:2, instance:com.opencart.qa.testcase.RegisterPageTest@41a0aa7d]" started-at="2022-11-29T01:29:47 IST" name="VerifyUserAlreadyRegister" data-provider="getRegisterUserdata" finished-at="2022-11-29T01:29:49 IST" duration-ms="1825" status="PASS">
          <params>
            <param index="0">
              <value>
                <![CDATA[Kushal]]>
              </value>
            </param>
            <param index="1">
              <value>
                <![CDATA[Test1233]]>
              </value>
            </param>
            <param index="2">
              <value>
                <![CDATA[kushaltest11133@gmail.com]]>
              </value>
            </param>
            <param index="3">
              <value>
                <![CDATA[8.780921804E9]]>
              </value>
            </param>
            <param index="4">
              <value>
                <![CDATA[Kush@123]]>
              </value>
            </param>
            <param index="5">
              <value>
                <![CDATA[Kush@123]]>
              </value>
            </param>
          </params>
          <reporter-output>
          </reporter-output>
        </test-method> <!-- VerifyUserAlreadyRegister -->
        <test-method is-config="true" signature="teardown()[pri:0, instance:com.opencart.qa.testcase.RegisterPageTest@41a0aa7d]" started-at="2022-11-29T01:29:49 IST" name="teardown" finished-at="2022-11-29T01:29:49 IST" duration-ms="644" status="PASS">
          <reporter-output>
          </reporter-output>
        </test-method> <!-- teardown -->
        <test-method is-config="true" signature="setup()[pri:0, instance:com.opencart.qa.testcase.RegisterPageTest@41a0aa7d]" started-at="2022-11-29T01:29:49 IST" name="setup" finished-at="2022-11-29T01:29:52 IST" duration-ms="2343" status="PASS">
          <reporter-output>
          </reporter-output>
        </test-method> <!-- setup -->
        <test-method signature="VerifyUserAlreadyRegister(java.lang.String,java.lang.String,java.lang.String,java.lang.String,java.lang.String,java.lang.String)[pri:2, instance:com.opencart.qa.testcase.RegisterPageTest@41a0aa7d]" started-at="2022-11-29T01:29:52 IST" name="VerifyUserAlreadyRegister" data-provider="getRegisterUserdata" finished-at="2022-11-29T01:29:53 IST" duration-ms="1705" status="PASS">
          <params>
            <param index="0">
              <value>
                <![CDATA[Kushal]]>
              </value>
            </param>
            <param index="1">
              <value>
                <![CDATA[Test12455]]>
              </value>
            </param>
            <param index="2">
              <value>
                <![CDATA[kushaltest22331@gmail.com]]>
              </value>
            </param>
            <param index="3">
              <value>
                <![CDATA[8.700921864E9]]>
              </value>
            </param>
            <param index="4">
              <value>
                <![CDATA[Kush@123]]>
              </value>
            </param>
            <param index="5">
              <value>
                <![CDATA[Kush@123]]>
              </value>
            </param>
          </params>
          <reporter-output>
          </reporter-output>
        </test-method> <!-- VerifyUserAlreadyRegister -->
        <test-method is-config="true" signature="teardown()[pri:0, instance:com.opencart.qa.testcase.RegisterPageTest@41a0aa7d]" started-at="2022-11-29T01:29:53 IST" name="teardown" finished-at="2022-11-29T01:29:54 IST" duration-ms="779" status="PASS">
          <reporter-output>
          </reporter-output>
        </test-method> <!-- teardown -->
      </class> <!-- com.opencart.qa.testcase.RegisterPageTest -->
      <class name="com.opencart.qa.testcase.SearchPageTest">
        <test-method is-config="true" signature="setup()[pri:0, instance:com.opencart.qa.testcase.SearchPageTest@2794eab6]" started-at="2022-11-29T01:29:54 IST" name="setup" finished-at="2022-11-29T01:29:57 IST" duration-ms="2762" status="PASS">
          <reporter-output>
          </reporter-output>
        </test-method> <!-- setup -->
        <test-method signature="VerifyValidKeyword_search()[pri:1, instance:com.opencart.qa.testcase.SearchPageTest@2794eab6]" started-at="2022-11-29T01:29:57 IST" name="VerifyValidKeyword_search" finished-at="2022-11-29T01:29:58 IST" duration-ms="597" status="PASS">
          <reporter-output>
          </reporter-output>
        </test-method> <!-- VerifyValidKeyword_search -->
        <test-method is-config="true" signature="teardown()[pri:0, instance:com.opencart.qa.testcase.SearchPageTest@2794eab6]" started-at="2022-11-29T01:29:58 IST" name="teardown" finished-at="2022-11-29T01:29:58 IST" duration-ms="710" status="PASS">
          <reporter-output>
          </reporter-output>
        </test-method> <!-- teardown -->
        <test-method is-config="true" signature="setup()[pri:0, instance:com.opencart.qa.testcase.SearchPageTest@2794eab6]" started-at="2022-11-29T01:29:58 IST" name="setup" finished-at="2022-11-29T01:30:01 IST" duration-ms="2437" status="PASS">
          <reporter-output>
          </reporter-output>
        </test-method> <!-- setup -->
        <test-method signature="VerifyInValidKeyword_search()[pri:2, instance:com.opencart.qa.testcase.SearchPageTest@2794eab6]" started-at="2022-11-29T01:30:01 IST" name="VerifyInValidKeyword_search" finished-at="2022-11-29T01:30:01 IST" duration-ms="640" status="PASS">
          <reporter-output>
          </reporter-output>
        </test-method> <!-- VerifyInValidKeyword_search -->
        <test-method is-config="true" signature="teardown()[pri:0, instance:com.opencart.qa.testcase.SearchPageTest@2794eab6]" started-at="2022-11-29T01:30:01 IST" name="teardown" finished-at="2022-11-29T01:30:02 IST" duration-ms="741" status="PASS">
          <reporter-output>
          </reporter-output>
        </test-method> <!-- teardown -->
      </class> <!-- com.opencart.qa.testcase.SearchPageTest -->
    </test> <!-- Test -->
  </suite> <!-- Suite -->
</testng-results>
